<?xml version="1.0" encoding="UTF-8"?>
<!-- Generated by org.testng.reporters.JUnitXMLReporter -->
<testsuite ignored="0" hostname="MacBook-Pro.home" failures="0" tests="4" name="Surefire test" time="0.015" errors="0" timestamp="2024-07-30T10:48:37 PDT">
  <testcase classname="andoorathodi.SeleniumTestNGJuly2024.CarLoanTest" name="toyotaLoan" time="0.001"/>
  <testcase classname="andoorathodi.SeleniumTestNGJuly2024.CarLoanTest" name="carModels" time="0.001"/>
  <testcase classname="andoorathodi.SeleniumTestNGJuly2024.CarLoanTest" name="carModels" time="0.0"/>
  <testcase classname="andoorathodi.SeleniumTestNGJuly2024.CarLoanTest" name="hondaLoan" time="0.0"/>
</testsuite> <!-- Surefire test -->
