<?xml version="1.0" encoding="UTF-8"?>
<!-- Generated by org.testng.reporters.JUnitXMLReporter -->
<testsuite ignored="1" hostname="MacBook-Pro.home" failures="0" tests="1" name="Default test" time="0.034" errors="0" timestamp="2024-07-31T12:56:05 PDT">
  <testcase classname="andoorathodi.SeleniumTestNGJuly2024.HomeLoan" name="houseLoan" time="0.005"/>
  <testcase classname="andoorathodi.SeleniumTestNGJuly2024.HomeLoan" name="apartmentLoan" time="0.0">
    <ignored/>
  </testcase> <!-- apartmentLoan -->
</testsuite> <!-- Default test -->
