<?xml version="1.0" encoding="UTF-8"?>
<!-- Generated by org.testng.reporters.JUnitXMLReporter -->
<testsuite ignored="0" hostname="MacBook-Pro.home" failures="0" tests="4" name="Default test" time="0.222" errors="0" timestamp="2024-08-02T06:41:18 PDT">
  <testcase classname="andoorathodi.SeleniumTestNGJuly2024.DataProviderExcelSample" name="getData" time="0.003"/>
  <testcase classname="andoorathodi.SeleniumTestNGJuly2024.DataProviderExcelSample" name="getData" time="0.002"/>
  <testcase classname="andoorathodi.SeleniumTestNGJuly2024.DataProviderExcelSample" name="getData" time="0.001"/>
  <testcase classname="andoorathodi.SeleniumTestNGJuly2024.DataProviderExcelSample" name="getData" time="0.0"/>
</testsuite> <!-- Default test -->
