<?xml version="1.0" encoding="UTF-8"?>
<!-- Generated by org.testng.reporters.JUnitXMLReporter -->
<testsuite ignored="3" hostname="MacBook-Pro.home" failures="0" tests="2" name="CommercialLoan" time="0.005" errors="0" timestamp="2024-07-30T11:04:20 PDT">
  <testcase classname="andoorathodi.SeleniumTestNGJuly2024.CarLoanTest" name="toyotaLoan" time="0.001"/>
  <testcase classname="andoorathodi.SeleniumTestNGJuly2024.HomeLoan" name="houseLoan" time="0.0"/>
  <testcase classname="andoorathodi.SeleniumTestNGJuly2024.CarLoanTest" name="carModels" time="0.0">
    <ignored/>
  </testcase> <!-- carModels -->
  <testcase classname="andoorathodi.SeleniumTestNGJuly2024.CarLoanTest" name="hondaLoan" time="0.0">
    <ignored/>
  </testcase> <!-- hondaLoan -->
  <testcase classname="andoorathodi.SeleniumTestNGJuly2024.HomeLoan" name="apartmentLoan" time="0.0">
    <ignored/>
  </testcase> <!-- apartmentLoan -->
</testsuite> <!-- CommercialLoan -->
