<?xml version="1.0" encoding="UTF-8"?>
<!-- Generated by org.testng.reporters.JUnitXMLReporter -->
<testsuite ignored="1" hostname="MacBook-Pro.home" failures="0" tests="1" name="HomeLoans" time="0.004" errors="0" timestamp="2024-07-30T06:06:57 PDT">
  <testcase classname="andoorathodi.SeleniumTestNGJuly2024.HomeLoan" name="houseLoan" time="0.003"/>
  <testcase classname="andoorathodi.SeleniumTestNGJuly2024.HomeLoan" name="apartmentLoan" time="0.0">
    <ignored/>
  </testcase> <!-- apartmentLoan -->
</testsuite> <!-- HomeLoans -->
