<?xml version="1.0" encoding="UTF-8"?>
<testng-results ignored="0" total="1" passed="1" failed="0" skipped="0">
  <reporter-output>
  </reporter-output>
  <suite started-at="2024-07-31T12:56:05 PDT" name="Default suite" finished-at="2024-07-31T12:56:05 PDT" duration-ms="34">
    <groups>
      <group name="Smoke">
        <method signature="HomeLoan.houseLoan()[pri:0, instance:andoorathodi.SeleniumTestNGJuly2024.HomeLoan@6e6f2380]" name="houseLoan" class="andoorathodi.SeleniumTestNGJuly2024.HomeLoan"/>
      </group> <!-- Smoke -->
    </groups>
    <test started-at="2024-07-31T12:56:05 PDT" name="Default test" finished-at="2024-07-31T12:56:05 PDT" duration-ms="34">
      <class name="andoorathodi.SeleniumTestNGJuly2024.HomeLoan">
        <test-method signature="houseLoan()[pri:0, instance:andoorathodi.SeleniumTestNGJuly2024.HomeLoan@6e6f2380]" started-at="2024-07-31T12:56:05 PDT" name="houseLoan" finished-at="2024-07-31T12:56:05 PDT" duration-ms="5" status="PASS">
          <reporter-output>
          </reporter-output>
        </test-method> <!-- houseLoan -->
      </class> <!-- andoorathodi.SeleniumTestNGJuly2024.HomeLoan -->
    </test> <!-- Default test -->
  </suite> <!-- Default suite -->
</testng-results>
