<?xml version="1.0" encoding="UTF-8"?>
<testng-results ignored="0" total="4" passed="4" failed="0" skipped="0">
  <reporter-output>
  </reporter-output>
  <suite started-at="2024-08-02T06:41:18 PDT" name="Default suite" finished-at="2024-08-02T06:41:18 PDT" duration-ms="222">
    <groups>
    </groups>
    <test started-at="2024-08-02T06:41:18 PDT" name="Default test" finished-at="2024-08-02T06:41:18 PDT" duration-ms="222">
      <class name="andoorathodi.SeleniumTestNGJuly2024.DataProviderExcelSample">
        <test-method signature="getData(java.lang.String,java.lang.String,java.lang.String,java.lang.String)[pri:0, instance:andoorathodi.SeleniumTestNGJuly2024.DataProviderExcelSample@389b0789]" started-at="2024-08-02T06:41:18 PDT" name="getData" data-provider="driveTest" finished-at="2024-08-02T06:41:18 PDT" duration-ms="3" status="PASS">
          <params>
            <param index="0">
              <value>
                <![CDATA[1]]>
              </value>
            </param>
            <param index="1">
              <value>
                <![CDATA[101]]>
              </value>
            </param>
            <param index="2">
              <value>
                <![CDATA[Alex]]>
              </value>
            </param>
            <param index="3">
              <value>
                <![CDATA[Mech]]>
              </value>
            </param>
          </params>
          <reporter-output>
          </reporter-output>
        </test-method> <!-- getData -->
        <test-method signature="getData(java.lang.String,java.lang.String,java.lang.String,java.lang.String)[pri:0, instance:andoorathodi.SeleniumTestNGJuly2024.DataProviderExcelSample@389b0789]" started-at="2024-08-02T06:41:18 PDT" name="getData" data-provider="driveTest" finished-at="2024-08-02T06:41:18 PDT" duration-ms="2" status="PASS">
          <params>
            <param index="0">
              <value>
                <![CDATA[2]]>
              </value>
            </param>
            <param index="1">
              <value>
                <![CDATA[202]]>
              </value>
            </param>
            <param index="2">
              <value>
                <![CDATA[Tom]]>
              </value>
            </param>
            <param index="3">
              <value>
                <![CDATA[IT]]>
              </value>
            </param>
          </params>
          <reporter-output>
          </reporter-output>
        </test-method> <!-- getData -->
        <test-method signature="getData(java.lang.String,java.lang.String,java.lang.String,java.lang.String)[pri:0, instance:andoorathodi.SeleniumTestNGJuly2024.DataProviderExcelSample@389b0789]" started-at="2024-08-02T06:41:18 PDT" name="getData" data-provider="driveTest" finished-at="2024-08-02T06:41:18 PDT" duration-ms="1" status="PASS">
          <params>
            <param index="0">
              <value>
                <![CDATA[3]]>
              </value>
            </param>
            <param index="1">
              <value>
                <![CDATA[303]]>
              </value>
            </param>
            <param index="2">
              <value>
                <![CDATA[Raj]]>
              </value>
            </param>
            <param index="3">
              <value>
                <![CDATA[CS]]>
              </value>
            </param>
          </params>
          <reporter-output>
          </reporter-output>
        </test-method> <!-- getData -->
        <test-method signature="getData(java.lang.String,java.lang.String,java.lang.String,java.lang.String)[pri:0, instance:andoorathodi.SeleniumTestNGJuly2024.DataProviderExcelSample@389b0789]" started-at="2024-08-02T06:41:18 PDT" name="getData" data-provider="driveTest" finished-at="2024-08-02T06:41:18 PDT" duration-ms="0" status="PASS">
          <params>
            <param index="0">
              <value>
                <![CDATA[4]]>
              </value>
            </param>
            <param index="1">
              <value>
                <![CDATA[404]]>
              </value>
            </param>
            <param index="2">
              <value>
                <![CDATA[Vijay]]>
              </value>
            </param>
            <param index="3">
              <value>
                <![CDATA[EE]]>
              </value>
            </param>
          </params>
          <reporter-output>
          </reporter-output>
        </test-method> <!-- getData -->
      </class> <!-- andoorathodi.SeleniumTestNGJuly2024.DataProviderExcelSample -->
    </test> <!-- Default test -->
  </suite> <!-- Default suite -->
</testng-results>
